--- Startup times for process: Primary (or UI client) ---

times in msec
 clock   self+sourced   self:  sourced script
 clock   elapsed:              other lines

000.020  000.020: --- NVIM STARTING ---
000.093  000.073: event init
000.331  000.237: early init
024.550  024.219: locale set
024.639  000.089: init first window
025.615  000.977: inits 1
026.011  000.396: window checked
026.026  000.015: parsing arguments
027.897  000.589  000.589: require('vim.shared')
028.933  000.262  000.262: require('vim.inspect')
029.356  000.403  000.403: require('vim._options')
029.364  001.451  000.786: require('vim._editor')
029.369  002.221  000.181: require('vim._init_packages')
029.379  001.133: init lua interpreter
044.633  015.254: nvim_ui_attach
045.064  000.431: nvim_set_client_info
045.074  000.010: --- NVIM STARTED ---

--- Startup times for process: Embedded ---

times in msec
 clock   self+sourced   self:  sourced script
 clock   elapsed:              other lines

000.008  000.008: --- NVIM STARTING ---
000.067  000.059: event init
000.199  000.132: early init
028.220  028.020: locale set
028.291  000.071: init first window
029.249  000.958: inits 1
029.386  000.137: window checked
029.397  000.011: parsing arguments
031.228  000.608  000.608: require('vim.shared')
032.264  000.281  000.281: require('vim.inspect')
032.694  000.395  000.395: require('vim._options')
032.702  001.462  000.786: require('vim._editor')
032.707  002.230  000.160: require('vim._init_packages')
032.716  001.090: init lua interpreter
033.211  000.495: expanding arguments
033.262  000.051: inits 2
033.759  000.497: init highlight
033.764  000.005: waiting for UI
033.893  000.129: done waiting for UI
033.953  000.060: clear screen
034.743  000.059  000.059: require('vim.keymap')
035.868  000.292  000.292: sourcing nvim_exec2()
038.332  004.372  004.021: require('vim._defaults')
038.344  000.018: init default mappings & autocommands
039.962  000.252  000.252: sourcing C:\tools\neovim\nvim-win64\share\nvim\runtime\ftplugin.vim
040.275  000.086  000.086: sourcing C:\tools\neovim\nvim-win64\share\nvim\runtime\indent.vim
042.496  001.528  001.528: require('core.keymaps')
042.831  000.324  000.324: require('lazy')
042.907  000.042  000.042: require('ffi')
043.865  000.542  000.542: require('vim.fs')
044.299  000.423  000.423: require('vim.uri')
044.361  001.445  000.479: require('vim.loader')
044.952  000.502  000.502: require('lazy.stats')
045.541  000.268  000.268: require('lazy.core.util')
045.817  000.266  000.266: require('lazy.core.config')
046.325  000.239  000.239: require('lazy.core.handler')
047.008  000.233  000.233: require('lazy.pkg')
047.021  000.461  000.227: require('lazy.core.meta')
047.031  000.697  000.237: require('lazy.core.plugin')
047.045  001.220  000.284: require('lazy.core.loader')
047.714  000.243  000.243: require('lazy.core.fragments')
054.362  000.272  000.272: require('lazy.core.handler.cmd')
054.698  000.321  000.321: require('lazy.core.handler.keys')
055.206  000.302  000.302: require('lazy.core.handler.event')
055.217  000.507  000.205: require('lazy.core.handler.ft')
057.424  000.726  000.726: sourcing nvim_exec2() called at C:\tools\neovim\nvim-win64\share/nvim/runtime/filetype.lua:0
057.438  001.042  000.315: sourcing C:\tools\neovim\nvim-win64\share/nvim/runtime/filetype.lua
057.463  001.305  000.263: sourcing nvim_exec2() called at C:\Users\joaog\AppData\Local\nvim\init.lua:0
057.966  000.097  000.097: sourcing C:/Users/joaog/AppData/Local/nvim-data/lazy/nvim-web-devicons/plugin/nvim-web-devicons.vim
057.989  000.278  000.181: sourcing nvim_exec2() called at C:\Users\joaog\AppData\Local\nvim\init.lua:0
058.004  000.003  000.003: sourcing nvim_exec2() called at C:\Users\joaog\AppData\Local\nvim\init.lua:0
058.047  000.003  000.003: sourcing nvim_exec2() called at C:\Users\joaog\AppData\Local\nvim\init.lua:0
059.772  000.298  000.298: require('nvim-web-devicons.filetypes')
059.836  000.049  000.049: require('vim.F')
060.654  000.544  000.544: require('nvim-web-devicons.default.icons_by_filename')
061.702  001.036  001.036: require('nvim-web-devicons.default.icons_by_file_extension')
062.071  000.359  000.359: require('nvim-web-devicons.default.icons_by_operating_system')
062.357  000.277  000.277: require('nvim-web-devicons.default.icons_by_desktop_environment')
062.717  000.351  000.351: require('nvim-web-devicons.default.icons_by_window_manager')
062.726  002.875  000.307: require('nvim-web-devicons.icons-default')
063.097  005.040  001.817: require('nvim-web-devicons')
069.074  000.025  000.025: sourcing nvim_exec2() called at C:\Users\joaog\AppData\Local\nvim\init.lua:0
069.124  000.003  000.003: sourcing nvim_exec2() called at C:\Users\joaog\AppData\Local\nvim\init.lua:0
070.494  001.359  001.359: require('catppuccin')
074.272  000.357  000.357: require('catppuccin.lib.hashing')
074.656  000.363  000.363: require('catppuccin.lib.compiler')
074.890  000.225  000.225: require('catppuccin.lib.mapper')
075.136  000.237  000.237: require('catppuccin.palettes')
075.377  000.232  000.232: require('catppuccin.palettes.latte')
076.019  000.243  000.243: require('catppuccin.lib.hsluv')
076.031  000.588  000.345: require('catppuccin.utils.colors')
076.301  000.251  000.251: require('catppuccin.groups.editor')
076.600  000.234  000.234: require('catppuccin.groups.lsp')
076.930  000.254  000.254: require('catppuccin.groups.syntax')
077.259  000.231  000.231: require('catppuccin.groups.semantic_tokens')
078.370  000.206  000.206: require('vim.treesitter.language')
078.564  000.183  000.183: require('vim.func')
078.769  000.192  000.192: require('vim.func._memoize')
078.815  000.961  000.379: require('vim.treesitter.query')
079.028  000.207  000.207: require('vim.treesitter._range')
079.053  001.551  000.383: require('vim.treesitter.languagetree')
079.065  001.796  000.245: require('vim.treesitter')
079.361  000.290  000.290: require('vim.treesitter.highlighter')
079.660  000.266  000.266: require('catppuccin.groups.treesitter')
080.089  000.341  000.341: require('catppuccin.groups.integrations.fzf')
080.346  000.232  000.232: require('catppuccin.groups.integrations.blink_indent')
080.609  000.237  000.237: require('catppuccin.groups.integrations.alpha')
080.868  000.237  000.237: require('catppuccin.groups.integrations.neotree')
081.117  000.204  000.204: require('catppuccin.groups.integrations.dap')
081.361  000.220  000.220: require('catppuccin.groups.integrations.telescope')
081.618  000.227  000.227: require('catppuccin.groups.integrations.treesitter_context')
086.082  000.369  000.369: require('catppuccin.groups.integrations.snacks')
086.364  000.266  000.266: require('catppuccin.groups.integrations.lir')
086.651  000.275  000.275: require('catppuccin.groups.integrations.gitsigns')
087.181  000.418  000.418: require('catppuccin.groups.integrations.neogit')
087.830  000.352  000.352: require('catppuccin.groups.integrations.colorful_winsep')
089.507  000.683  000.683: require('catppuccin.groups.integrations.dropbar')
090.597  000.803  000.803: require('catppuccin.groups.integrations.navic')
091.175  000.551  000.551: require('catppuccin.groups.integrations.dashboard')
091.587  000.354  000.354: require('catppuccin.groups.integrations.indent_blankline')
092.007  000.357  000.357: require('catppuccin.groups.integrations.cmp')
092.463  000.406  000.406: require('catppuccin.groups.integrations.nvimtree')
092.720  000.206  000.206: require('catppuccin.groups.integrations.illuminate')
092.994  000.208  000.208: require('catppuccin.groups.integrations.ufo')
093.240  000.201  000.201: require('catppuccin.groups.integrations.rainbow_delimiters')
093.485  000.198  000.198: require('catppuccin.groups.integrations.render_markdown')
093.845  000.219  000.219: require('catppuccin.groups.integrations.dap_ui')
094.148  000.245  000.245: require('catppuccin.groups.integrations.blink_cmp')
094.531  000.322  000.322: require('catppuccin.groups.integrations.mini')
094.849  000.227  000.227: require('catppuccin.groups.integrations.flash')
095.237  000.250  000.250: require('catppuccin.groups.integrations.diffview')
095.474  000.228  000.228: require('catppuccin.groups.terminal')
099.138  000.244  000.244: require('catppuccin.palettes.frappe')
104.900  000.290  000.290: require('catppuccin.palettes.mocha')
112.027  000.246  000.246: require('catppuccin.palettes.macchiato')
129.735  056.158  041.219: sourcing C:\Users\joaog\AppData\Local\nvim-data\lazy\catppuccin\colors\catppuccin-macchiato.vim
157.902  000.964  000.964: require('snacks')
157.914  001.190  000.226: sourcing C:/Users/joaog/AppData/Local/nvim-data/lazy/snacks.nvim/plugin/snacks.lua
157.942  001.386  000.196: sourcing nvim_exec2() called at C:\Users\joaog\AppData\Local\nvim\init.lua:0
157.964  000.006  000.006: sourcing nvim_exec2() called at C:\Users\joaog\AppData\Local\nvim\init.lua:0
158.013  000.003  000.003: sourcing nvim_exec2() called at C:\Users\joaog\AppData\Local\nvim\init.lua:0
158.245  000.005  000.005: sourcing nvim_exec2() called at C:\Users\joaog\AppData\Local\nvim\init.lua:0
158.399  000.004  000.004: sourcing nvim_exec2() called at C:\Users\joaog\AppData\Local\nvim\init.lua:0
159.555  000.239  000.239: require('lualine_require')
160.495  002.086  001.847: require('lualine')
160.737  000.019  000.019: sourcing nvim_exec2() called at C:\Users\joaog\AppData\Local\nvim\init.lua:0
162.208  000.216  000.216: require('catppuccin.utils.lualine')
162.986  000.014  000.014: sourcing nvim_exec2() called at C:\Users\joaog\AppData\Local\nvim\init.lua:0
163.013  000.006  000.006: sourcing nvim_exec2() called at C:\Users\joaog\AppData\Local\nvim\init.lua:0
163.032  000.006  000.006: sourcing nvim_exec2() called at C:\Users\joaog\AppData\Local\nvim\init.lua:0
163.047  000.004  000.004: sourcing nvim_exec2() called at C:\Users\joaog\AppData\Local\nvim\init.lua:0
163.062  000.005  000.005: sourcing nvim_exec2() called at C:\Users\joaog\AppData\Local\nvim\init.lua:0
163.079  000.006  000.006: sourcing nvim_exec2() called at C:\Users\joaog\AppData\Local\nvim\init.lua:0
163.093  000.004  000.004: sourcing nvim_exec2() called at C:\Users\joaog\AppData\Local\nvim\init.lua:0
163.107  000.004  000.004: sourcing nvim_exec2() called at C:\Users\joaog\AppData\Local\nvim\init.lua:0
163.126  000.009  000.009: sourcing nvim_exec2() called at C:\Users\joaog\AppData\Local\nvim\init.lua:0
163.142  000.005  000.005: sourcing nvim_exec2() called at C:\Users\joaog\AppData\Local\nvim\init.lua:0
163.179  000.028  000.028: sourcing nvim_exec2() called at C:\Users\joaog\AppData\Local\nvim\init.lua:0
163.196  000.004  000.004: sourcing nvim_exec2() called at C:\Users\joaog\AppData\Local\nvim\init.lua:0
163.210  000.004  000.004: sourcing nvim_exec2() called at C:\Users\joaog\AppData\Local\nvim\init.lua:0
163.224  000.004  000.004: sourcing nvim_exec2() called at C:\Users\joaog\AppData\Local\nvim\init.lua:0
163.238  000.004  000.004: sourcing nvim_exec2() called at C:\Users\joaog\AppData\Local\nvim\init.lua:0
163.250  000.003  000.003: sourcing nvim_exec2() called at C:\Users\joaog\AppData\Local\nvim\init.lua:0
163.264  000.004  000.004: sourcing nvim_exec2() called at C:\Users\joaog\AppData\Local\nvim\init.lua:0
163.286  000.015  000.015: sourcing nvim_exec2() called at C:\Users\joaog\AppData\Local\nvim\init.lua:0
165.446  000.203  000.203: require('lualine.utils.mode')
167.034  000.064  000.064: sourcing nvim_exec2() called at C:\Users\joaog\AppData\Local\nvim\init.lua:0
167.060  000.009  000.009: sourcing nvim_exec2() called at C:\Users\joaog\AppData\Local\nvim\init.lua:0
167.684  000.010  000.010: sourcing nvim_exec2() called at C:\Users\joaog\AppData\Local\nvim\init.lua:0
167.706  000.005  000.005: sourcing nvim_exec2() called at C:\Users\joaog\AppData\Local\nvim\init.lua:0
167.722  000.004  000.004: sourcing nvim_exec2() called at C:\Users\joaog\AppData\Local\nvim\init.lua:0
167.780  000.005  000.005: sourcing nvim_exec2() called at C:\Users\joaog\AppData\Local\nvim\init.lua:0
167.797  000.004  000.004: sourcing nvim_exec2() called at C:\Users\joaog\AppData\Local\nvim\init.lua:0
167.810  000.003  000.003: sourcing nvim_exec2() called at C:\Users\joaog\AppData\Local\nvim\init.lua:0
167.827  000.007  000.007: sourcing nvim_exec2() called at C:\Users\joaog\AppData\Local\nvim\init.lua:0
167.845  000.004  000.004: sourcing nvim_exec2() called at C:\Users\joaog\AppData\Local\nvim\init.lua:0
167.858  000.004  000.004: sourcing nvim_exec2() called at C:\Users\joaog\AppData\Local\nvim\init.lua:0
167.870  000.004  000.004: sourcing nvim_exec2() called at C:\Users\joaog\AppData\Local\nvim\init.lua:0
167.882  000.003  000.003: sourcing nvim_exec2() called at C:\Users\joaog\AppData\Local\nvim\init.lua:0
167.894  000.003  000.003: sourcing nvim_exec2() called at C:\Users\joaog\AppData\Local\nvim\init.lua:0
167.907  000.004  000.004: sourcing nvim_exec2() called at C:\Users\joaog\AppData\Local\nvim\init.lua:0
167.921  000.004  000.004: sourcing nvim_exec2() called at C:\Users\joaog\AppData\Local\nvim\init.lua:0
167.937  000.004  000.004: sourcing nvim_exec2() called at C:\Users\joaog\AppData\Local\nvim\init.lua:0
167.979  000.005  000.005: sourcing nvim_exec2() called at C:\Users\joaog\AppData\Local\nvim\init.lua:0
167.996  000.004  000.004: sourcing nvim_exec2() called at C:\Users\joaog\AppData\Local\nvim\init.lua:0
168.052  000.004  000.004: sourcing nvim_exec2() called at C:\Users\joaog\AppData\Local\nvim\init.lua:0
168.066  000.003  000.003: sourcing nvim_exec2() called at C:\Users\joaog\AppData\Local\nvim\init.lua:0
168.079  000.004  000.004: sourcing nvim_exec2() called at C:\Users\joaog\AppData\Local\nvim\init.lua:0
168.094  000.005  000.005: sourcing nvim_exec2() called at C:\Users\joaog\AppData\Local\nvim\init.lua:0
168.575  000.043  000.043: sourcing nvim_exec2() called at C:\Users\joaog\AppData\Local\nvim\init.lua:0
168.594  000.004  000.004: sourcing nvim_exec2() called at C:\Users\joaog\AppData\Local\nvim\init.lua:0
168.633  000.032  000.032: sourcing nvim_exec2() called at C:\Users\joaog\AppData\Local\nvim\init.lua:0
168.647  000.006  000.006: sourcing nvim_exec2() called at C:\Users\joaog\AppData\Local\nvim\init.lua:0
170.175  000.009  000.009: sourcing nvim_exec2() called at C:\Users\joaog\AppData\Local\nvim\init.lua:0
170.197  000.005  000.005: sourcing nvim_exec2() called at C:\Users\joaog\AppData\Local\nvim\init.lua:0
170.212  000.004  000.004: sourcing nvim_exec2() called at C:\Users\joaog\AppData\Local\nvim\init.lua:0
170.226  000.004  000.004: sourcing nvim_exec2() called at C:\Users\joaog\AppData\Local\nvim\init.lua:0
170.239  000.004  000.004: sourcing nvim_exec2() called at C:\Users\joaog\AppData\Local\nvim\init.lua:0
170.252  000.004  000.004: sourcing nvim_exec2() called at C:\Users\joaog\AppData\Local\nvim\init.lua:0
170.266  000.005  000.005: sourcing nvim_exec2() called at C:\Users\joaog\AppData\Local\nvim\init.lua:0
170.282  000.004  000.004: sourcing nvim_exec2() called at C:\Users\joaog\AppData\Local\nvim\init.lua:0
170.295  000.003  000.003: sourcing nvim_exec2() called at C:\Users\joaog\AppData\Local\nvim\init.lua:0
170.307  000.003  000.003: sourcing nvim_exec2() called at C:\Users\joaog\AppData\Local\nvim\init.lua:0
170.320  000.004  000.004: sourcing nvim_exec2() called at C:\Users\joaog\AppData\Local\nvim\init.lua:0
170.332  000.003  000.003: sourcing nvim_exec2() called at C:\Users\joaog\AppData\Local\nvim\init.lua:0
170.344  000.003  000.003: sourcing nvim_exec2() called at C:\Users\joaog\AppData\Local\nvim\init.lua:0
170.419  000.006  000.006: sourcing nvim_exec2() called at C:\Users\joaog\AppData\Local\nvim\init.lua:0
170.439  000.005  000.005: sourcing nvim_exec2() called at C:\Users\joaog\AppData\Local\nvim\init.lua:0
170.473  000.004  000.004: sourcing nvim_exec2() called at C:\Users\joaog\AppData\Local\nvim\init.lua:0
170.486  000.004  000.004: sourcing nvim_exec2() called at C:\Users\joaog\AppData\Local\nvim\init.lua:0
170.498  000.004  000.004: sourcing nvim_exec2() called at C:\Users\joaog\AppData\Local\nvim\init.lua:0
170.510  000.004  000.004: sourcing nvim_exec2() called at C:\Users\joaog\AppData\Local\nvim\init.lua:0
170.522  000.003  000.003: sourcing nvim_exec2() called at C:\Users\joaog\AppData\Local\nvim\init.lua:0
170.536  000.005  000.005: sourcing nvim_exec2() called at C:\Users\joaog\AppData\Local\nvim\init.lua:0
170.559  000.005  000.005: sourcing nvim_exec2() called at C:\Users\joaog\AppData\Local\nvim\init.lua:0
170.572  000.003  000.003: sourcing nvim_exec2() called at C:\Users\joaog\AppData\Local\nvim\init.lua:0
170.584  000.003  000.003: sourcing nvim_exec2() called at C:\Users\joaog\AppData\Local\nvim\init.lua:0
170.596  000.004  000.004: sourcing nvim_exec2() called at C:\Users\joaog\AppData\Local\nvim\init.lua:0
170.608  000.004  000.004: sourcing nvim_exec2() called at C:\Users\joaog\AppData\Local\nvim\init.lua:0
170.620  000.004  000.004: sourcing nvim_exec2() called at C:\Users\joaog\AppData\Local\nvim\init.lua:0
170.635  000.005  000.005: sourcing nvim_exec2() called at C:\Users\joaog\AppData\Local\nvim\init.lua:0
173.100  000.014  000.014: sourcing nvim_exec2() called at C:\Users\joaog\AppData\Local\nvim\init.lua:0
173.268  000.042  000.042: sourcing nvim_exec2() called at C:\Users\joaog\AppData\Local\nvim\init.lua:0
173.302  000.022  000.022: sourcing nvim_exec2() called at C:\Users\joaog\AppData\Local\nvim\init.lua:0
173.320  000.008  000.008: sourcing nvim_exec2() called at C:\Users\joaog\AppData\Local\nvim\init.lua:0
173.334  000.006  000.006: sourcing nvim_exec2() called at C:\Users\joaog\AppData\Local\nvim\init.lua:0
173.489  000.004  000.004: sourcing nvim_exec2() called at C:\Users\joaog\AppData\Local\nvim\init.lua:0
173.530  000.003  000.003: sourcing nvim_exec2() called at C:\Users\joaog\AppData\Local\nvim\init.lua:0
174.707  000.192  000.192: require('git-conflict.colors')
174.898  000.182  000.182: require('git-conflict.utils')
175.412  000.244  000.244: require('vim.health')
175.422  000.514  000.270: require('vim.deprecated.health')
175.650  000.195  000.195: require('vim.hl')
175.673  002.133  001.050: require('git-conflict')
177.991  000.224  000.224: require('vim.iter')
179.578  000.327  000.327: require('vim.lsp.log')
180.500  000.904  000.904: require('vim.lsp.protocol')
180.988  000.471  000.471: require('vim.lsp.util')
181.547  000.237  000.237: require('vim.lsp.sync')
181.569  000.563  000.327: require('vim.lsp._changetracking')
182.155  000.332  000.332: require('vim.lsp._transport')
182.189  000.608  000.276: require('vim.lsp.rpc')
182.288  003.330  000.456: require('vim.lsp')
183.419  001.124  001.124: require('lspconfig.util')
183.465  004.715  000.262: sourcing C:/Users/joaog/AppData/Local/nvim-data/lazy/nvim-lspconfig/plugin/lspconfig.lua
183.495  004.906  000.191: sourcing nvim_exec2() called at C:\Users\joaog\AppData\Local\nvim\init.lua:0
183.514  000.005  000.005: sourcing nvim_exec2() called at C:\Users\joaog\AppData\Local\nvim\init.lua:0
183.568  000.003  000.003: sourcing nvim_exec2() called at C:\Users\joaog\AppData\Local\nvim\init.lua:0
184.634  000.005  000.005: sourcing nvim_exec2() called at C:\Users\joaog\AppData\Local\nvim\init.lua:0
184.677  000.003  000.003: sourcing nvim_exec2() called at C:\Users\joaog\AppData\Local\nvim\init.lua:0
186.011  000.199  000.199: require('mason-core.path')
186.696  000.213  000.213: require('mason-core.functional.data')
186.919  000.211  000.211: require('mason-core.functional.function')
187.195  000.260  000.260: require('mason-core.functional.list')
187.440  000.213  000.213: require('mason-core.functional.relation')
187.660  000.210  000.210: require('mason-core.functional.logic')
187.883  000.213  000.213: require('mason-core.functional.number')
188.205  000.307  000.307: require('mason-core.functional.string')
188.543  000.327  000.327: require('mason-core.functional.table')
188.825  000.271  000.271: require('mason-core.functional.type')
188.841  002.608  000.384: require('mason-core.functional')
188.991  002.970  000.362: require('mason-core.platform')
189.336  000.339  000.339: require('mason.settings')
189.353  003.745  000.237: require('mason-core.installer.InstallLocation')
190.649  000.668  000.668: require('mason-core.log')
190.663  001.011  000.343: require('mason-core.EventEmitter')
191.055  000.386  000.386: require('mason-registry.sources')
191.069  001.712  000.315: require('mason-registry')
191.075  006.368  000.912: require('mason')
191.520  000.252  000.252: require('mason.api.command')
191.671  000.006  000.006: sourcing nvim_exec2() called at C:\Users\joaog\AppData\Local\nvim\init.lua:0
191.711  000.003  000.003: sourcing nvim_exec2() called at C:\Users\joaog\AppData\Local\nvim\init.lua:0
191.754  000.003  000.003: sourcing nvim_exec2() called at C:\Users\joaog\AppData\Local\nvim\init.lua:0
191.788  000.003  000.003: sourcing nvim_exec2() called at C:\Users\joaog\AppData\Local\nvim\init.lua:0
192.142  000.345  000.345: require('vim.diagnostic')
192.417  000.238  000.238: require('vim.lsp.inlay_hint')
193.591  000.196  000.196: require('cmp_nvim_lsp.source')
193.601  001.161  000.966: require('cmp_nvim_lsp')
194.202  000.199  000.199: require('lspconfig.async')
194.212  000.396  000.197: require('lspconfig.configs')
194.225  000.617  000.221: require('lspconfig')
194.576  000.168  000.168: require('mason-lspconfig.settings')
194.586  000.356  000.188: require('mason-lspconfig')
194.854  000.213  000.213: require('mason-core.async')
195.222  000.179  000.179: require('mason-core.async.control')
195.407  000.177  000.177: require('mason-core.result')
195.756  000.164  000.164: require('mason-core.async.uv')
195.769  000.354  000.190: require('mason-core.fs')
195.813  000.952  000.242: require('mason-registry.installer')
196.366  000.173  000.173: require('mason-core.optional')
197.032  000.306  000.306: require('mason-core.process')
197.236  000.195  000.195: require('mason-core.spawn')
197.246  000.695  000.195: require('mason-core.installer.managers.powershell')
197.418  000.167  000.167: require('mason.version')
197.426  001.051  000.189: require('mason-core.fetch')
197.601  000.170  000.170: require('mason-core.providers')
198.440  000.231  000.231: require('mason-core.purl')
198.456  000.431  000.200: require('mason-core.package.AbstractPackage')
199.245  000.184  000.184: require('mason-core.installer.compiler.expr')
199.260  000.390  000.205: require('mason-core.installer.compiler.link')
200.273  000.180  000.180: require('mason-core.installer.context.InstallContextCwd')
200.463  000.181  000.181: require('mason-core.installer.context.InstallContextFs')
200.648  000.177  000.177: require('mason-core.installer.context.InstallContextSpawn')
200.835  000.178  000.178: require('mason-core.receipt')
200.860  001.006  000.290: require('mason-core.installer.context')
200.866  001.233  000.227: require('mason-core.installer')
200.883  001.440  000.206: require('mason-core.installer.managers.std')
200.888  001.623  000.183: require('mason-core.installer.compiler.schemas')
201.085  000.192  000.192: require('mason-core.installer.compiler.util')
201.099  002.438  000.232: require('mason-core.installer.compiler')
201.286  000.182  000.182: require('mason-core.installer.linker')
201.296  002.834  000.215: require('mason-core.installer.InstallRunner')
201.477  000.177  000.177: require('mason-core.installer.UninstallRunner')
201.488  003.710  000.268: require('mason-core.package')
201.494  003.886  000.176: require('mason-registry.sources.util')
201.505  005.499  000.220: require('mason-registry.sources.github')
208.023  000.192  000.192: require('mason-lspconfig.mappings')
208.034  000.406  000.213: require('mason-lspconfig.features.automatic_enable')
221.112  000.499  000.499: require('mason-lspconfig.notify')
221.194  000.981  000.482: require('mason-lspconfig.api.command')
221.538  000.010  000.010: sourcing nvim_exec2() called at C:\Users\joaog\AppData\Local\nvim\init.lua:0
221.589  000.003  000.003: sourcing nvim_exec2() called at C:\Users\joaog\AppData\Local\nvim\init.lua:0
223.336  001.736  001.736: require('mini.files')
223.566  000.132  000.132: sourcing nvim_exec2() called at C:\Users\joaog\AppData\Local\nvim\init.lua:0
223.585  000.008  000.008: sourcing nvim_exec2() called at C:\Users\joaog\AppData\Local\nvim\init.lua:0
224.193  000.217  000.217: sourcing C:/Users/joaog/AppData/Local/nvim-data/lazy/rainbow-delimiters.nvim/plugin/rainbow-delimiters.lua
224.222  000.407  000.190: sourcing nvim_exec2() called at C:\Users\joaog\AppData\Local\nvim\init.lua:0
224.237  000.004  000.004: sourcing nvim_exec2() called at C:\Users\joaog\AppData\Local\nvim\init.lua:0
224.282  000.003  000.003: sourcing nvim_exec2() called at C:\Users\joaog\AppData\Local\nvim\init.lua:0
225.143  000.004  000.004: sourcing nvim_exec2() called at C:\Users\joaog\AppData\Local\nvim\init.lua:0
225.182  000.003  000.003: sourcing nvim_exec2() called at C:\Users\joaog\AppData\Local\nvim\init.lua:0
226.513  000.194  000.194: require('toggleterm.lazy')
226.695  000.172  000.172: require('toggleterm.constants')
226.936  000.233  000.233: require('toggleterm.terminal')
226.949  001.747  001.148: require('toggleterm')
227.321  000.178  000.178: require('toggleterm.colors')
227.505  000.176  000.176: require('toggleterm.utils')
227.518  000.564  000.209: require('toggleterm.config')
227.841  000.211  000.211: require('vim.version')
229.936  000.277  000.277: require('toggleterm.commandline')
230.074  000.018  000.018: sourcing nvim_exec2() called at C:\Users\joaog\AppData\Local\nvim\init.lua:0
232.317  000.206  000.206: require('nvim-treesitter.utils')
234.221  001.894  001.894: require('nvim-treesitter.parsers')
235.106  000.204  000.204: require('nvim-treesitter.compat')
235.552  000.229  000.229: require('nvim-treesitter.ts_utils')
235.567  000.452  000.223: require('nvim-treesitter.tsrange')
235.759  000.187  000.187: require('nvim-treesitter.caching')
235.779  001.100  000.258: require('nvim-treesitter.query')
235.798  001.351  000.250: require('nvim-treesitter.configs')
235.805  001.574  000.223: require('nvim-treesitter.info')
236.086  000.277  000.277: require('nvim-treesitter.shell_command_selectors')
236.118  004.257  000.306: require('nvim-treesitter.install')
236.336  000.212  000.212: require('nvim-treesitter.statusline')
236.551  000.208  000.208: require('nvim-treesitter.query_predicates')
236.559  005.845  001.169: require('nvim-treesitter')
237.504  006.973  001.127: sourcing C:/Users/joaog/AppData/Local/nvim-data/lazy/nvim-treesitter/plugin/nvim-treesitter.lua
237.537  007.170  000.197: sourcing nvim_exec2() called at C:\Users\joaog\AppData\Local\nvim\init.lua:0
237.554  000.004  000.004: sourcing nvim_exec2() called at C:\Users\joaog\AppData\Local\nvim\init.lua:0
237.621  000.004  000.004: sourcing nvim_exec2() called at C:\Users\joaog\AppData\Local\nvim\init.lua:0
245.056  000.239  000.239: require('nvim-treesitter.indent')
245.555  000.234  000.234: require('nvim-treesitter.locals')
245.568  000.467  000.233: require('nvim-treesitter.incremental_selection')
245.821  000.216  000.216: require('nvim-treesitter.highlight')
246.442  000.180  000.180: sourcing C:\tools\neovim\nvim-win64\share/nvim/runtime/plugin/editorconfig.lua
246.469  000.373  000.193: sourcing nvim_exec2() called at C:\Users\joaog\AppData\Local\nvim\init.lua:0
246.931  000.289  000.289: sourcing C:\tools\neovim\nvim-win64\share/nvim/runtime/plugin/gzip.vim
246.951  000.466  000.177: sourcing nvim_exec2() called at C:\Users\joaog\AppData\Local\nvim\init.lua:0
247.360  000.233  000.233: sourcing C:\tools\neovim\nvim-win64\share/nvim/runtime/plugin/man.lua
247.387  000.422  000.189: sourcing nvim_exec2() called at C:\Users\joaog\AppData\Local\nvim\init.lua:0
249.950  000.374  000.374: sourcing C:\tools\neovim\nvim-win64\share\nvim\runtime\pack\dist\opt\matchit\plugin\matchit.vim
250.027  002.473  002.099: sourcing C:\tools\neovim\nvim-win64\share/nvim/runtime/plugin/matchit.vim
250.045  002.646  000.173: sourcing nvim_exec2() called at C:\Users\joaog\AppData\Local\nvim\init.lua:0
250.483  000.256  000.256: sourcing C:\tools\neovim\nvim-win64\share/nvim/runtime/plugin/matchparen.vim
250.504  000.444  000.188: sourcing nvim_exec2() called at C:\Users\joaog\AppData\Local\nvim\init.lua:0
253.159  000.462  000.462: sourcing C:\tools\neovim\nvim-win64\share\nvim\runtime\pack\dist\opt\netrw\plugin\netrwPlugin.vim
253.234  002.548  002.086: sourcing C:\tools\neovim\nvim-win64\share/nvim/runtime/plugin/netrwPlugin.vim
253.251  002.734  000.186: sourcing nvim_exec2() called at C:\Users\joaog\AppData\Local\nvim\init.lua:0
253.631  000.183  000.183: sourcing C:\tools\neovim\nvim-win64\share/nvim/runtime/plugin/osc52.lua
253.656  000.392  000.209: sourcing nvim_exec2() called at C:\Users\joaog\AppData\Local\nvim\init.lua:0
254.313  000.469  000.469: sourcing C:\tools\neovim\nvim-win64\share/nvim/runtime/plugin/rplugin.vim
254.334  000.665  000.196: sourcing nvim_exec2() called at C:\Users\joaog\AppData\Local\nvim\init.lua:0
254.640  000.112  000.112: sourcing C:\tools\neovim\nvim-win64\share/nvim/runtime/plugin/shada.vim
254.660  000.312  000.200: sourcing nvim_exec2() called at C:\Users\joaog\AppData\Local\nvim\init.lua:0
254.931  000.067  000.067: sourcing C:\tools\neovim\nvim-win64\share/nvim/runtime/plugin/spellfile.vim
254.951  000.275  000.208: sourcing nvim_exec2() called at C:\Users\joaog\AppData\Local\nvim\init.lua:0
255.293  000.155  000.155: sourcing C:\tools\neovim\nvim-win64\share/nvim/runtime/plugin/tarPlugin.vim
255.313  000.350  000.195: sourcing nvim_exec2() called at C:\Users\joaog\AppData\Local\nvim\init.lua:0
255.681  000.169  000.169: sourcing C:\tools\neovim\nvim-win64\share/nvim/runtime/plugin/tohtml.lua
255.705  000.380  000.211: sourcing nvim_exec2() called at C:\Users\joaog\AppData\Local\nvim\init.lua:0
255.963  000.067  000.067: sourcing C:\tools\neovim\nvim-win64\share/nvim/runtime/plugin/tutor.vim
255.982  000.264  000.198: sourcing nvim_exec2() called at C:\Users\joaog\AppData\Local\nvim\init.lua:0
256.399  000.213  000.213: sourcing C:\tools\neovim\nvim-win64\share/nvim/runtime/plugin/zipPlugin.vim
256.418  000.424  000.211: sourcing nvim_exec2() called at C:\Users\joaog\AppData\Local\nvim\init.lua:0
257.003  000.169  000.169: sourcing C:\Users\joaog\AppData\Local\nvim-data\lazy\cmp-nvim-lsp\after/plugin/cmp_nvim_lsp.lua
257.028  000.367  000.199: sourcing nvim_exec2() called at C:\Users\joaog\AppData\Local\nvim\init.lua:0
257.157  216.575  092.516: sourcing C:\Users\joaog\AppData\Local\nvim\init.lua
257.200  001.943: sourcing vimrc file(s)
258.723  000.162  000.162: sourcing C:\tools\neovim\nvim-win64\share\nvim\runtime\filetype.lua
260.171  000.136  000.136: sourcing C:\tools\neovim\nvim-win64\share\nvim\runtime\syntax\synload.vim
260.369  000.884  000.748: sourcing C:\tools\neovim\nvim-win64\share/nvim/runtime/syntax/syntax.vim
260.409  002.163: inits 3
264.383  003.974: reading ShaDa
264.600  000.217: opening buffers
265.100  000.500: BufEnter autocommands
265.112  000.012: editing files in windows
265.274  000.162: VimEnter autocommands
266.313  000.356  000.356: require('snacks.util')
266.356  000.985  000.628: require('snacks.dashboard')
269.273  000.286  000.286: require('snacks.scroll')
269.541  000.236  000.236: require('snacks.animate')
270.284  000.218  000.218: require('vim.ui')
270.296  000.638  000.420: require('snacks.input')
270.591  000.287  000.287: require('snacks.scope')
270.963  000.246  000.246: require('snacks.picker')
271.231  000.256  000.256: require('snacks.picker.config')
271.671  000.431  000.431: require('snacks.picker.config.highlights')
271.980  000.298  000.298: require('snacks.picker.config.defaults')
272.391  000.403  000.403: require('snacks.picker.config.sources')
272.627  000.228  000.228: require('snacks.picker.config.layouts')
275.497  000.233  000.233: require('vim.termcap')
275.641  000.121  000.121: require('vim.text')
275.868  005.947: UIEnter autocommands
277.539  001.672: before starting main loop
278.610  001.071: first screen update
278.616  000.006: --- NVIM STARTED ---

